2021-05-05 22:48:43.292  INFO 43460 --- [restartedMain] com.infy.ekart.EKartApplication          : Starting EKartApplication on USABOS391873L with PID 43460 (started by harsh.shah03 in D:\Group Project\Backend Local repo\EKart_Server)
2021-05-05 22:48:43.313  INFO 43460 --- [restartedMain] com.infy.ekart.EKartApplication          : No active profile set, falling back to default profiles: default
2021-05-05 22:48:43.438  INFO 43460 --- [restartedMain] .e.DevToolsPropertyDefaultsPostProcessor : Devtools property defaults active! Set 'spring.devtools.add-properties' to 'false' to disable
2021-05-05 22:48:43.438  INFO 43460 --- [restartedMain] .e.DevToolsPropertyDefaultsPostProcessor : For additional web related logging consider setting the 'logging.level.web' property to 'DEBUG'
2021-05-05 22:48:45.485  INFO 43460 --- [restartedMain] .s.d.r.c.RepositoryConfigurationDelegate : Bootstrapping Spring Data repositories in DEFAULT mode.
2021-05-05 22:48:45.540  INFO 43460 --- [restartedMain] .s.d.r.c.RepositoryConfigurationDelegate : Finished Spring Data repository scanning in 43ms. Found 0 repository interfaces.
2021-05-05 22:48:46.366  INFO 43460 --- [restartedMain] trationDelegate$BeanPostProcessorChecker : Bean 'org.springframework.transaction.annotation.ProxyTransactionManagementConfiguration' of type [org.springframework.transaction.annotation.ProxyTransactionManagementConfiguration$$EnhancerBySpringCGLIB$$5a9934a5] is not eligible for getting processed by all BeanPostProcessors (for example: not eligible for auto-proxying)
2021-05-05 22:48:48.008  INFO 43460 --- [restartedMain] o.s.b.w.embedded.tomcat.TomcatWebServer  : Tomcat initialized with port(s): 3333 (http)
2021-05-05 22:48:48.060  INFO 43460 --- [restartedMain] o.apache.catalina.core.StandardService   : Starting service [Tomcat]
2021-05-05 22:48:48.061  INFO 43460 --- [restartedMain] org.apache.catalina.core.StandardEngine  : Starting Servlet engine: [Apache Tomcat/9.0.16]
2021-05-05 22:48:48.086  INFO 43460 --- [restartedMain] o.a.catalina.core.AprLifecycleListener   : The APR based Apache Tomcat Native library which allows optimal performance in production environments was not found on the java.library.path: [C:\Program Files\Zulu\zulu-11\bin;C:\windows\Sun\Java\bin;C:\windows\system32;C:\windows;C:/Program Files/Zulu/zulu-11/bin/server;C:/Program Files/Zulu/zulu-11/bin;C:\Program Files\Zulu\zulu-11\bin\;C:\windows\system32;C:\windows;C:\windows\System32\Wbem;C:\windows\System32\WindowsPowerShell\v1.0\;C:\windows\System32\OpenSSH\;C:\Program Files\Microsoft VS Code\bin;C:\Program Files\nodejs\;C:\Users\harsh.shah03\AppData\Local\Microsoft\WindowsApps;C:\Users\harsh.shah03\AppData\Roaming\npm;C:\Users\harsh.shah03\AppData\Local\Programs\Git\cmd;C:\windows\System32;;.]
2021-05-05 22:48:48.331  INFO 43460 --- [restartedMain] o.a.c.c.C.[.[localhost].[/EKart_Server]  : Initializing Spring embedded WebApplicationContext
2021-05-05 22:48:48.332  INFO 43460 --- [restartedMain] o.s.web.context.ContextLoader            : Root WebApplicationContext: initialization completed in 4892 ms
2021-05-05 22:48:48.704  INFO 43460 --- [restartedMain] com.zaxxer.hikari.HikariDataSource       : HikariPool-1 - Starting...
2021-05-05 22:48:49.027  INFO 43460 --- [restartedMain] com.zaxxer.hikari.HikariDataSource       : HikariPool-1 - Start completed.
2021-05-05 22:48:49.182  INFO 43460 --- [restartedMain] o.hibernate.jpa.internal.util.LogHelper  : HHH000204: Processing PersistenceUnitInfo [
	name: default
	...]
2021-05-05 22:48:49.347  INFO 43460 --- [restartedMain] org.hibernate.Version                    : HHH000412: Hibernate Core {5.3.7.Final}
2021-05-05 22:48:49.349  INFO 43460 --- [restartedMain] org.hibernate.cfg.Environment            : HHH000206: hibernate.properties not found
2021-05-05 22:48:49.691  INFO 43460 --- [restartedMain] o.hibernate.annotations.common.Version   : HCANN000001: Hibernate Commons Annotations {5.0.4.Final}
2021-05-05 22:48:50.006  INFO 43460 --- [restartedMain] org.hibernate.dialect.Dialect            : HHH000400: Using dialect: org.hibernate.dialect.MySQL5Dialect
2021-05-05 22:48:51.593  INFO 43460 --- [restartedMain] j.LocalContainerEntityManagerFactoryBean : Initialized JPA EntityManagerFactory for persistence unit 'default'
2021-05-05 22:48:52.982  INFO 43460 --- [restartedMain] pertySourcedRequestMappingHandlerMapping : Mapped URL path [/v2/api-docs] onto method [public org.springframework.http.ResponseEntity<springfox.documentation.spring.web.json.Json> springfox.documentation.swagger2.web.Swagger2Controller.getDocumentation(java.lang.String,javax.servlet.http.HttpServletRequest)]
2021-05-05 22:48:53.171  INFO 43460 --- [restartedMain] o.s.b.d.a.OptionalLiveReloadServer       : LiveReload server is running on port 35729
2021-05-05 22:48:53.450  WARN 43460 --- [restartedMain] aWebConfiguration$JpaWebMvcConfiguration : spring.jpa.open-in-view is enabled by default. Therefore, database queries may be performed during view rendering. Explicitly configure spring.jpa.open-in-view to disable this warning
2021-05-05 22:48:54.094  INFO 43460 --- [restartedMain] d.s.w.p.DocumentationPluginsBootstrapper : Context refreshed
2021-05-05 22:48:54.141  INFO 43460 --- [restartedMain] d.s.w.p.DocumentationPluginsBootstrapper : Found 1 custom documentation plugin(s)
2021-05-05 22:48:54.201  INFO 43460 --- [restartedMain] s.d.s.w.s.ApiListingReferenceScanner     : Scanning for api listing references
2021-05-05 22:48:54.602  INFO 43460 --- [restartedMain] .d.s.w.r.o.CachingOperationNameGenerator : Generating unique operation named: changePasswordUsingPOST_1
2021-05-05 22:48:54.768  INFO 43460 --- [restartedMain] o.s.b.w.embedded.tomcat.TomcatWebServer  : Tomcat started on port(s): 3333 (http) with context path '/EKart_Server'
2021-05-05 22:48:54.777  INFO 43460 --- [restartedMain] com.infy.ekart.EKartApplication          : Started EKartApplication in 12.288 seconds (JVM running for 13.584)
2021-05-05 22:52:18.331  INFO 43460 --- [http-nio-3333-exec-2] o.a.c.c.C.[.[localhost].[/EKart_Server]  : Initializing Spring DispatcherServlet 'dispatcherServlet'
2021-05-05 22:52:18.335  INFO 43460 --- [http-nio-3333-exec-2] o.s.web.servlet.DispatcherServlet        : Initializing Servlet 'dispatcherServlet'
2021-05-05 22:52:18.393  INFO 43460 --- [http-nio-3333-exec-2] o.s.web.servlet.DispatcherServlet        : Completed initialization in 58 ms
2021-05-05 22:52:18.720  INFO 43460 --- [http-nio-3333-exec-3] com.infy.ekart.api.CustomerAPI           : CUSTOMER TRYING TO LOGIN, VALIDATING CREDENTIALS. CUSTOMER EMAIL ID: james@infosys.com
2021-05-05 22:52:19.009  INFO 43460 --- [http-nio-3333-exec-3] o.h.h.i.QueryTranslatorFactoryInitiator  : HHH000397: Using ASTQueryTranslatorFactory
2021-05-05 22:52:19.628  INFO 43460 --- [http-nio-3333-exec-3] com.infy.ekart.api.CustomerAPI           : CUSTOMER LOGIN SUCCESS, CUSTOMER EMAIL : james@infosys.com
2021-05-05 22:52:41.283  INFO 43460 --- [http-nio-3333-exec-10] com.infy.ekart.api.SellerAPI             : SELLER TRYING TO LOGIN. SELLER EMAIL ID: charles@infosys.com
2021-05-05 22:52:41.455  INFO 43460 --- [http-nio-3333-exec-10] com.infy.ekart.api.SellerAPI             : SELLER LOGIN SUCCESSFUL. SELLER EMAIL ID: charles@infosys.com
